{
  "RSpec": {
    "coverage": {
      "/home/vick3d/slowfood-jan2019-team2/app/models/user.rb": [
        1,
        1,
        null,
        null,
        1,
        1,
        1,
        1,
        null
      ],
      "/home/vick3d/slowfood-jan2019-team2/app/models/application_record.rb": [
        1,
        1,
        null
      ],
      "/home/vick3d/slowfood-jan2019-team2/app/helpers/application_helper.rb": [
        1,
        null
      ],
      "/home/vick3d/slowfood-jan2019-team2/app/models/product.rb": [
        1,
        1,
        null
      ],
      "/home/vick3d/slowfood-jan2019-team2/app/controllers/products_controller.rb": [
        0,
        0,
        0,
        0,
        0
      ],
      "/home/vick3d/slowfood-jan2019-team2/app/controllers/application_controller.rb": [
        0,
        0
      ],
      "/home/vick3d/slowfood-jan2019-team2/app/jobs/application_job.rb": [
        0,
        0
      ],
      "/home/vick3d/slowfood-jan2019-team2/app/channels/application_cable/connection.rb": [
        0,
        0,
        0,
        0
      ],
      "/home/vick3d/slowfood-jan2019-team2/app/channels/application_cable/channel.rb": [
        0,
        0,
        0,
        0
      ],
      "/home/vick3d/slowfood-jan2019-team2/app/mailers/application_mailer.rb": [
        0,
        0,
        0,
        0
      ]
    },
    "timestamp": 1551043170
  },
  "Cucumber Features": {
    "coverage": {
      "/home/vick3d/slowfood-jan2019-team2/app/controllers/products_controller.rb": [
        1,
        1,
        3,
        null,
        null
      ],
      "/home/vick3d/slowfood-jan2019-team2/app/controllers/application_controller.rb": [
        1,
        null
      ],
      "/home/vick3d/slowfood-jan2019-team2/app/helpers/application_helper.rb": [
        1,
        null
      ],
      "/home/vick3d/slowfood-jan2019-team2/app/models/product.rb": [
        1,
        1,
        null
      ],
      "/home/vick3d/slowfood-jan2019-team2/app/models/application_record.rb": [
        0,
        0,
        0
      ],
      "/home/vick3d/slowfood-jan2019-team2/app/models/user.rb": [
        0,
        0,
        0,
        null,
        0,
        0,
        0,
        0,
        0
      ],
      "/home/vick3d/slowfood-jan2019-team2/app/jobs/application_job.rb": [
        0,
        0
      ],
      "/home/vick3d/slowfood-jan2019-team2/app/channels/application_cable/connection.rb": [
        0,
        0,
        0,
        0
      ],
      "/home/vick3d/slowfood-jan2019-team2/app/channels/application_cable/channel.rb": [
        0,
        0,
        0,
        0
      ],
      "/home/vick3d/slowfood-jan2019-team2/app/mailers/application_mailer.rb": [
        0,
        0,
        0,
        0
      ]
    },
    "timestamp": 1551043184
  }
}
